<?xml version="1.0" encoding="UTF-8"?>
<!-- Generated by org.testng.reporters.JUnitReportReporter -->
<testsuite hostname="DESKTOP-7RHMSUF" failures="0" tests="1" name="SwapneshPatelAcademy.TestLogin" time="42.928" errors="0" timestamp="18 May 2025 08:11:48 GMT">
  <testcase classname="SwapneshPatelAcademy.TestLogin" name="submitOrder" time="42.928"/>
</testsuite> <!-- SwapneshPatelAcademy.TestLogin -->
