<?xml version="1.0" encoding="UTF-8"?>
<!-- Generated by org.testng.reporters.JUnitReportReporter -->
<testsuite hostname="DESKTOP-7RHMSUF" failures="0" tests="1" name="SwapneshPatelAcademy.TestLogin" time="39.800" errors="0" timestamp="18 May 2025 08:44:45 GMT">
  <testcase classname="SwapneshPatelAcademy.TestLogin" name="submitOrder" time="39.800"/>
</testsuite> <!-- SwapneshPatelAcademy.TestLogin -->
